<?xml version="1.0" encoding="UTF-8"?>
<testsuite xmlns:xsi="http://www.w3.org/2001/XMLSchema-instance" xsi:noNamespaceSchemaLocation="https://maven.apache.org/surefire/maven-surefire-plugin/xsd/surefire-test-report-3.0.xsd" version="3.0" name="com.promineotech.TestDemoJUnitTest" time="8.196" tests="8" errors="0" skipped="0" failures="0">
  <properties>
[...]
</properties>
  <testcase name="assertThatTwoPositiveNumbersAreAddedCorrectly" classname="com.promineotech.TestDemoJUnitTest" time="0.498"/>
  <testcase name="assertThatTwoPositiveNumbersAreAddedCorrectly(int, int, int, boolean)[1]" classname="com.promineotech.TestDemoJUnitTest" time="0.222"/>
  <testcase name="assertThatTwoPositiveNumbersAreAddedCorrectly(int, int, int, boolean)[2]" classname="com.promineotech.TestDemoJUnitTest" time="0.012"/>
  <testcase name="assertThatTwoPositiveNumbersAreAddedCorrectly(int, int, int, boolean)[3]" classname="com.promineotech.TestDemoJUnitTest" time="0.038"/>
  <testcase name="assertThatTwoPositiveNumbersAreAddedCorrectly(int, int, int, boolean)[4]" classname="com.promineotech.TestDemoJUnitTest" time="0.01"/>
  <testcase name="assertThatTwoPositiveNumbersAreAddedCorrectly(int, int, int, boolean)[5]" classname="com.promineotech.TestDemoJUnitTest" time="0.008"/>
  <testcase name="assertThatTwoPositiveNumbersAreAddedCorrectly(int, int, int, boolean)[6]" classname="com.promineotech.TestDemoJUnitTest" time="0.008"/>
  <testcase name="assertThatNumberSquaredIsCorrect" classname="com.promineotech.TestDemoJUnitTest" time="7.008">
    <system-err><![CDATA[Mockito is currently self-attaching to enable the inline-mock-maker. This will no longer work in future releases of the JDK. Please add Mockito as an agent to your build what is described in Mockito's documentation: https://javadoc.io/doc/org.mockito/mockito-core/latest/org/mockito/Mockito.html#0.3
WARNING: A Java agent has been loaded dynamically (C:\Users\Python25\.m2\repository\net\bytebuddy\byte-buddy-agent\1.15.4\byte-buddy-agent-1.15.4.jar)
WARNING: If a serviceability tool is in use, please run with -XX:+EnableDynamicAgentLoading to hide this warning
WARNING: If a serviceability tool is not in use, please run with -Djdk.instrument.traceUsage for more information
WARNING: Dynamic loading of agents will be disallowed by default in a future release
]]></system-err>
  </testcase>
</testsuite>